<?xml version="1.0" encoding="UTF-8"?>
<testng-results skipped="0" failed="0" ignored="0" total="1" passed="1">
  <reporter-output>
  </reporter-output>
  <suite name="Default suite" duration-ms="31070" started-at="2022-11-03T19:18:06 EDT" finished-at="2022-11-03T19:18:37 EDT">
    <groups>
    </groups>
    <test name="Default test" duration-ms="31070" started-at="2022-11-03T19:18:06 EDT" finished-at="2022-11-03T19:18:37 EDT">
      <class name="com.ap.testcases.AddressPageTest">
        <test-method status="PASS" signature="launchConfig()[pri:0, instance:com.ap.testcases.AddressPageTest@1dd02175]" name="launchConfig" is-config="true" duration-ms="16" started-at="2022-11-03T19:18:06 EDT" finished-at="2022-11-03T19:18:06 EDT">
          <reporter-output>
          </reporter-output>
        </test-method> <!-- launchConfig -->
        <test-method status="PASS" signature="setup()[pri:0, instance:com.ap.testcases.AddressPageTest@1dd02175]" name="setup" is-config="true" duration-ms="8578" started-at="2022-11-03T19:18:06 EDT" finished-at="2022-11-03T19:18:14 EDT">
          <reporter-output>
          </reporter-output>
        </test-method> <!-- setup -->
        <test-method status="PASS" signature="addressPageTest()[pri:0, instance:com.ap.testcases.AddressPageTest@1dd02175]" name="addressPageTest" duration-ms="21626" started-at="2022-11-03T19:18:14 EDT" finished-at="2022-11-03T19:18:36 EDT">
          <reporter-output>
          </reporter-output>
        </test-method> <!-- addressPageTest -->
        <test-method status="PASS" signature="tearDown()[pri:0, instance:com.ap.testcases.AddressPageTest@1dd02175]" name="tearDown" is-config="true" duration-ms="802" started-at="2022-11-03T19:18:36 EDT" finished-at="2022-11-03T19:18:37 EDT">
          <reporter-output>
          </reporter-output>
        </test-method> <!-- tearDown -->
      </class> <!-- com.ap.testcases.AddressPageTest -->
    </test> <!-- Default test -->
  </suite> <!-- Default suite -->
</testng-results>
